<?xml version="1.0" encoding="UTF-8"?>
<!-- Generated by org.testng.reporters.JUnitReportReporter -->
<testsuite hostname="8F3XQT2" failures="0" tests="3" name="runner.RunCukes" time="51.690" errors="0" timestamp="23 Sep 2023 12:38:27 GMT" skipped="0">
  <testcase classname="runner.RunCukes" name="runScenario" time="5.012"/>
  <testcase classname="runner.RunCukes" name="runScenario" time="31.367"/>
  <testcase classname="runner.RunCukes" name="runScenario" time="15.311"/>
</testsuite> <!-- runner.RunCukes -->
