<?xml version="1.0" encoding="UTF-8"?>
<!-- Generated by org.testng.reporters.JUnitReportReporter -->
<testsuite hostname="8F3XQT2" failures="0" tests="3" name="runner.RunCukes" time="94.693" errors="0" timestamp="06 Oct 2023 05:31:46 GMT" skipped="0">
  <testcase classname="runner.RunCukes" name="runScenario" time="9.750"/>
  <testcase classname="runner.RunCukes" name="runScenario" time="48.115"/>
  <testcase classname="runner.RunCukes" name="runScenario" time="36.828"/>
</testsuite> <!-- runner.RunCukes -->
