<?xml version="1.0" encoding="UTF-8"?>
<!-- Generated by org.testng.reporters.JUnitReportReporter -->
<testsuite hostname="8F3XQT2" failures="0" tests="1" name="runner.RunCukes" time="14.300" errors="0" timestamp="16 Nov 2023 04:09:46 GMT" skipped="0">
  <testcase classname="runner.RunCukes" name="runScenario" time="14.300"/>
</testsuite> <!-- runner.RunCukes -->
