<?xml version="1.0" encoding="UTF-8"?>
<!-- Generated by org.testng.reporters.JUnitReportReporter -->
<testsuite hostname="LAPTOP-LERK31GH" failures="0" tests="1" name="runner.RunCukes" time="10.262" errors="0" timestamp="03 Apr 2024 04:38:10 GMT" skipped="0">
  <testcase classname="runner.RunCukes" name="runScenario" time="10.262"/>
</testsuite> <!-- runner.RunCukes -->
